obj\Debug\netstandard2.1\blazor\linker\BouncyCastle.Crypto.dll
obj\Debug\netstandard2.1\blazor\linker\Common.Logging.Core.dll
obj\Debug\netstandard2.1\blazor\linker\EthereumSmartContracts.dll
obj\Debug\netstandard2.1\blazor\linker\increaser.dll
obj\Debug\netstandard2.1\blazor\linker\Microsoft.AspNetCore.Authorization.dll
obj\Debug\netstandard2.1\blazor\linker\Microsoft.AspNetCore.Blazor.dll
obj\Debug\netstandard2.1\blazor\linker\Microsoft.AspNetCore.Blazor.HttpClient.dll
obj\Debug\netstandard2.1\blazor\linker\Microsoft.AspNetCore.Components.dll
obj\Debug\netstandard2.1\blazor\linker\Microsoft.AspNetCore.Components.Forms.dll
obj\Debug\netstandard2.1\blazor\linker\Microsoft.AspNetCore.Components.Web.dll
obj\Debug\netstandard2.1\blazor\linker\Microsoft.AspNetCore.Metadata.dll
obj\Debug\netstandard2.1\blazor\linker\Microsoft.Bcl.AsyncInterfaces.dll
obj\Debug\netstandard2.1\blazor\linker\Microsoft.CSharp.dll
obj\Debug\netstandard2.1\blazor\linker\Microsoft.Extensions.DependencyInjection.Abstractions.dll
obj\Debug\netstandard2.1\blazor\linker\Microsoft.Extensions.DependencyInjection.dll
obj\Debug\netstandard2.1\blazor\linker\Microsoft.Extensions.Logging.Abstractions.dll
obj\Debug\netstandard2.1\blazor\linker\Microsoft.Extensions.Options.dll
obj\Debug\netstandard2.1\blazor\linker\Microsoft.Extensions.Primitives.dll
obj\Debug\netstandard2.1\blazor\linker\Microsoft.JSInterop.dll
obj\Debug\netstandard2.1\blazor\linker\Mono.Security.dll
obj\Debug\netstandard2.1\blazor\linker\Mono.WebAssembly.Interop.dll
obj\Debug\netstandard2.1\blazor\linker\mscorlib.dll
obj\Debug\netstandard2.1\blazor\linker\Nethereum.ABI.dll
obj\Debug\netstandard2.1\blazor\linker\Nethereum.Accounts.dll
obj\Debug\netstandard2.1\blazor\linker\Nethereum.BlockchainProcessing.dll
obj\Debug\netstandard2.1\blazor\linker\Nethereum.Contracts.dll
obj\Debug\netstandard2.1\blazor\linker\Nethereum.Hex.dll
obj\Debug\netstandard2.1\blazor\linker\Nethereum.JsonRpc.Client.dll
obj\Debug\netstandard2.1\blazor\linker\Nethereum.JsonRpc.RpcClient.dll
obj\Debug\netstandard2.1\blazor\linker\Nethereum.KeyStore.dll
obj\Debug\netstandard2.1\blazor\linker\Nethereum.Model.dll
obj\Debug\netstandard2.1\blazor\linker\Nethereum.RLP.dll
obj\Debug\netstandard2.1\blazor\linker\Nethereum.RPC.dll
obj\Debug\netstandard2.1\blazor\linker\Nethereum.Signer.dll
obj\Debug\netstandard2.1\blazor\linker\Nethereum.Util.dll
obj\Debug\netstandard2.1\blazor\linker\Nethereum.Web3.dll
obj\Debug\netstandard2.1\blazor\linker\Newtonsoft.Json.dll
obj\Debug\netstandard2.1\blazor\linker\System.ComponentModel.DataAnnotations.dll
obj\Debug\netstandard2.1\blazor\linker\System.Core.dll
obj\Debug\netstandard2.1\blazor\linker\System.dll
obj\Debug\netstandard2.1\blazor\linker\System.Net.Http.dll
obj\Debug\netstandard2.1\blazor\linker\System.Numerics.dll
obj\Debug\netstandard2.1\blazor\linker\System.Runtime.CompilerServices.Unsafe.dll
obj\Debug\netstandard2.1\blazor\linker\System.Runtime.Serialization.dll
obj\Debug\netstandard2.1\blazor\linker\System.Text.Encodings.Web.dll
obj\Debug\netstandard2.1\blazor\linker\System.Text.Json.dll
obj\Debug\netstandard2.1\blazor\linker\System.Xml.dll
obj\Debug\netstandard2.1\blazor\linker\System.Xml.Linq.dll
obj\Debug\netstandard2.1\blazor\linker\WebAssembly.Bindings.dll
obj\Debug\netstandard2.1\blazor\linker\WebAssembly.Net.Http.dll
obj\Debug\netstandard2.1\blazor\linker\Common.Logging.Core.pdb
obj\Debug\netstandard2.1\blazor\linker\EthereumSmartContracts.pdb
obj\Debug\netstandard2.1\blazor\linker\increaser.pdb
